SF:lib/core/response_model.dart
DA:5,1
DA:7,1
DA:8,1
DA:9,3
DA:10,2
DA:13,1
DA:14,1
DA:15,1
DA:16,3
DA:18,2
DA:30,1
DA:32,1
DA:33,2
DA:34,2
DA:35,2
DA:36,2
DA:37,1
DA:38,2
DA:39,3
DA:40,3
DA:45,1
DA:46,1
DA:47,2
DA:48,2
DA:49,2
DA:50,2
DA:51,1
DA:52,6
DA:72,1
DA:86,1
DA:87,2
DA:88,2
DA:89,2
DA:90,2
DA:91,2
DA:92,2
DA:93,2
DA:94,2
DA:95,2
DA:96,2
DA:97,2
DA:98,2
DA:101,1
DA:102,1
DA:103,2
DA:104,2
DA:105,2
DA:106,2
DA:107,2
DA:108,2
DA:109,2
DA:110,2
DA:111,2
DA:112,2
DA:113,2
DA:114,2
LF:56
LH:56
end_of_record
SF:lib/core/endpoints.dart
DA:1,2
LF:1
LH:1
end_of_record
SF:lib/pages/search_screen.dart
DA:13,1
DA:15,1
DA:17,2
DA:18,1
DA:19,1
DA:21,2
DA:22,1
DA:24,5
DA:25,3
DA:26,1
DA:29,0
DA:30,0
DA:31,0
DA:34,2
DA:36,4
DA:37,1
DA:38,4
DA:39,4
DA:42,1
DA:44,1
DA:45,1
DA:53,1
DA:54,1
DA:55,1
DA:56,1
DA:57,1
DA:59,3
LF:27
LH:24
end_of_record
SF:lib/core/apis.dart
DA:5,1
DA:6,2
DA:8,1
DA:9,1
DA:10,2
LF:5
LH:5
end_of_record
SF:lib/shared/components/search_list/search_list.dart
DA:12,1
DA:14,1
DA:16,1
DA:17,1
DA:19,2
DA:21,1
DA:24,2
DA:26,1
DA:27,3
LF:9
LH:9
end_of_record
SF:lib/shared/components/search_box/search_box.dart
DA:9,1
DA:11,1
DA:13,1
DA:15,2
DA:16,5
DA:17,3
DA:19,1
DA:20,2
DA:22,1
DA:24,1
DA:26,1
DA:29,1
DA:30,1
DA:37,1
DA:40,1
DA:41,1
DA:43,1
DA:44,1
DA:46,1
DA:48,1
DA:49,1
LF:21
LH:21
end_of_record
SF:lib/shared/components/empty_widget/empty_widget.dart
DA:4,1
DA:6,1
DA:8,1
DA:9,1
DA:11,1
DA:12,1
LF:6
LH:6
end_of_record
SF:lib/shared/components/loading_widget/loading_widget.dart
DA:7,1
DA:9,1
DA:11,1
DA:12,1
DA:14,1
DA:15,1
DA:17,1
LF:7
LH:7
end_of_record
SF:lib/utils/debouncer.dart
DA:9,1
DA:11,1
DA:12,2
DA:13,4
DA:16,1
DA:17,2
LF:6
LH:6
end_of_record
SF:lib/shared/components/search_list/list_item.dart
DA:10,1
DA:12,1
DA:14,3
DA:15,1
DA:16,1
DA:17,3
DA:19,1
DA:20,1
DA:24,1
DA:26,2
DA:27,1
DA:29,1
DA:31,1
DA:33,1
DA:35,2
DA:44,1
DA:45,1
DA:47,1
DA:50,1
DA:51,1
DA:52,3
DA:58,1
DA:60,1
DA:68,1
DA:69,3
LF:25
LH:25
end_of_record
SF:lib/shared/components/search_list/utils.dart
DA:3,1
DA:4,5
LF:2
LH:2
end_of_record
